2026-02-13 14:07:10,048 | ERROR | API Secret required for private endpoints
2026-02-13 14:08:56,664 | ERROR | APIError(code=-1021): Timestamp for this request is outside of the recvWindow.
2026-02-13 14:11:19,502 | ERROR | APIError(code=-1021): Timestamp for this request is outside of the recvWindow.
2026-02-13 14:14:46,272 | ERROR | APIError(code=-1021): Timestamp for this request is outside of the recvWindow.
2026-02-13 14:16:15,119 | ERROR | APIError(code=-1021): Timestamp for this request is outside of the recvWindow.
2026-02-13 14:17:43,334 | ERROR | Failed to place market order: APIError(code=-1021): Timestamp for this request is outside of the recvWindow.
2026-02-13 14:17:43,334 | ERROR | APIError(code=-1021): Timestamp for this request is outside of the recvWindow.
2026-02-13 14:19:33,430 | ERROR | Failed to place market order: APIError(code=-1021): Timestamp for this request is outside of the recvWindow.
2026-02-13 14:19:33,432 | ERROR | APIError(code=-1021): Timestamp for this request is outside of the recvWindow.
2026-02-13 14:20:48,428 | ERROR | Failed to place market order: APIError(code=-1021): Timestamp for this request is outside of the recvWindow.
2026-02-13 14:20:48,428 | ERROR | APIError(code=-1021): Timestamp for this request is outside of the recvWindow.
2026-02-13 14:22:03,057 | ERROR | Failed to place market order: APIError(code=-1021): Timestamp for this request is outside of the recvWindow.
2026-02-13 14:22:03,057 | ERROR | APIError(code=-1021): Timestamp for this request is outside of the recvWindow.
2026-02-13 14:23:42,992 | ERROR | Failed to place market order: APIError(code=-1021): Timestamp for this request is outside of the recvWindow.
2026-02-13 14:23:42,992 | ERROR | APIError(code=-1021): Timestamp for this request is outside of the recvWindow.
2026-02-13 14:24:06,222 | ERROR | Failed to place market order: APIError(code=-1021): Timestamp for this request is outside of the recvWindow.
2026-02-13 14:24:06,222 | ERROR | APIError(code=-1021): Timestamp for this request is outside of the recvWindow.
2026-02-13 14:25:24,133 | ERROR | Failed to place market order: API error: {'code': -4164, 'msg': "Order's notional must be no smaller than 100 (unless you choose reduce only)."}
2026-02-13 14:25:24,133 | ERROR | API error: {'code': -4164, 'msg': "Order's notional must be no smaller than 100 (unless you choose reduce only)."}
2026-02-13 14:27:14,428 | ERROR | Order notional too small: 66.58 (price 66575.9) — increase quantity so notional >= 100
2026-02-13 14:28:03,494 | ERROR | Failed to place market order: API error: {'code': -1111, 'msg': 'Precision is over the maximum defined for this asset.'}
2026-02-13 14:28:03,494 | ERROR | API error: {'code': -1111, 'msg': 'Precision is over the maximum defined for this asset.'}
2026-02-13 14:28:40,223 | INFO | {'orderId': 12238490025, 'symbol': 'BTCUSDT', 'status': 'NEW', 'clientOrderId': 'PrFoxeFQbPhUbHxUUMjMD6', 'price': '0.00', 'avgPrice': '0.00', 'origQty': '0.002', 'executedQty': '0.000', 'cumQty': '0.000', 'cumQuote': '0.00000', 'timeInForce': 'GTC', 'type': 'MARKET', 'reduceOnly': False, 'closePosition': False, 'side': 'BUY', 'positionSide': 'BOTH', 'stopPrice': '0.00', 'workingType': 'CONTRACT_PRICE', 'priceProtect': False, 'origType': 'MARKET', 'priceMatch': 'NONE', 'selfTradePreventionMode': 'EXPIRE_MAKER', 'goodTillDate': 0, 'updateTime': 1770973129963}
2026-02-13 14:29:05,387 | INFO | {'orderId': 12238497354, 'symbol': 'BTCUSDT', 'status': 'NEW', 'clientOrderId': 'JTT1m76GgkQmCvtdLAlBLZ', 'price': '0.00', 'avgPrice': '0.00', 'origQty': '0.002', 'executedQty': '0.000', 'cumQty': '0.000', 'cumQuote': '0.00000', 'timeInForce': 'GTC', 'type': 'MARKET', 'reduceOnly': False, 'closePosition': False, 'side': 'BUY', 'positionSide': 'BOTH', 'stopPrice': '0.00', 'workingType': 'CONTRACT_PRICE', 'priceProtect': False, 'origType': 'MARKET', 'priceMatch': 'NONE', 'selfTradePreventionMode': 'EXPIRE_MAKER', 'goodTillDate': 0, 'updateTime': 1770973155123}
2026-02-13 14:31:00,683 | ERROR | Order notional too small: 66.66 (price 66656.7) — increase quantity so notional >= 100
2026-02-13 14:31:11,147 | ERROR | Order notional too small: 66.66 (price 66663.0) — increase quantity so notional >= 100
2026-02-13 14:31:46,256 | INFO | {'orderId': 12238546831, 'symbol': 'BTCUSDT', 'status': 'NEW', 'clientOrderId': '5AkWePzYr8to2GzpcgbsGA', 'price': '0.00', 'avgPrice': '0.00', 'origQty': '0.003', 'executedQty': '0.000', 'cumQty': '0.000', 'cumQuote': '0.00000', 'timeInForce': 'GTC', 'type': 'MARKET', 'reduceOnly': False, 'closePosition': False, 'side': 'BUY', 'positionSide': 'BOTH', 'stopPrice': '0.00', 'workingType': 'CONTRACT_PRICE', 'priceProtect': False, 'origType': 'MARKET', 'priceMatch': 'NONE', 'selfTradePreventionMode': 'EXPIRE_MAKER', 'goodTillDate': 0, 'updateTime': 1770973315971}
2026-02-13 14:34:30,798 | INFO | {'orderId': 12238598423, 'symbol': 'BTCUSDT', 'status': 'NEW', 'clientOrderId': '0RIySRt60m190o8tLrKHeM', 'price': '65000.00', 'avgPrice': '0.00', 'origQty': '0.003', 'executedQty': '0.000', 'cumQty': '0.000', 'cumQuote': '0.00000', 'timeInForce': 'GTC', 'type': 'LIMIT', 'reduceOnly': False, 'closePosition': False, 'side': 'SELL', 'positionSide': 'BOTH', 'stopPrice': '0.00', 'workingType': 'CONTRACT_PRICE', 'priceProtect': False, 'origType': 'LIMIT', 'priceMatch': 'NONE', 'selfTradePreventionMode': 'EXPIRE_MAKER', 'goodTillDate': 0, 'updateTime': 1770973480531}
2026-02-13 14:39:32 | INFO | Order request: symbol=BTCUSDT, side=BUY, type=MARKET, qty=0.002, price=N/A
2026-02-13 14:39:32 | ERROR | Input validation error: API_KEY and API_SECRET must be set in .env
2026-02-13 14:39:50 | INFO | Order request: symbol=BTCUSDT, side=BUY, type=MARKET, qty=0.002, price=N/A
2026-02-13 14:39:51 | INFO | Placing MARKET order: {'symbol': 'BTCUSDT', 'side': 'BUY', 'type': 'MARKET', 'quantity': 0.002, 'timestamp': 1770973801499, 'recvWindow': 60000}
2026-02-13 14:39:52 | INFO | Order response: {'orderId': 12238700834, 'symbol': 'BTCUSDT', 'status': 'NEW', 'clientOrderId': 'eQH3wC2U439WG0FbUYODbA', 'price': '0.00', 'avgPrice': '0.00', 'origQty': '0.002', 'executedQty': '0.000', 'cumQty': '0.000', 'cumQuote': '0.00000', 'timeInForce': 'GTC', 'type': 'MARKET', 'reduceOnly': False, 'closePosition': False, 'side': 'BUY', 'positionSide': 'BOTH', 'stopPrice': '0.00', 'workingType': 'CONTRACT_PRICE', 'priceProtect': False, 'origType': 'MARKET', 'priceMatch': 'NONE', 'selfTradePreventionMode': 'EXPIRE_MAKER', 'goodTillDate': 0, 'updateTime': 1770973802263}
2026-02-13 14:39:52 | INFO | Order placed successfully: {'orderId': 12238700834, 'symbol': 'BTCUSDT', 'status': 'NEW', 'clientOrderId': 'eQH3wC2U439WG0FbUYODbA', 'price': '0.00', 'avgPrice': '0.00', 'origQty': '0.002', 'executedQty': '0.000', 'cumQty': '0.000', 'cumQuote': '0.00000', 'timeInForce': 'GTC', 'type': 'MARKET', 'reduceOnly': False, 'closePosition': False, 'side': 'BUY', 'positionSide': 'BOTH', 'stopPrice': '0.00', 'workingType': 'CONTRACT_PRICE', 'priceProtect': False, 'origType': 'MARKET', 'priceMatch': 'NONE', 'selfTradePreventionMode': 'EXPIRE_MAKER', 'goodTillDate': 0, 'updateTime': 1770973802263}
2026-02-13 14:39:58 | INFO | Order request: symbol=BTCUSDT, side=SELL, type=LIMIT, qty=0.003, price=70000.0
2026-02-13 14:39:59 | INFO | Placing LIMIT order: {'symbol': 'BTCUSDT', 'side': 'SELL', 'type': 'LIMIT', 'timeInForce': 'GTC', 'quantity': 0.003, 'price': 70000.0, 'timestamp': 1770973809250, 'recvWindow': 60000}
2026-02-13 14:40:00 | INFO | Order response: {'orderId': 12238703862, 'symbol': 'BTCUSDT', 'status': 'NEW', 'clientOrderId': '0mNsDYL4EYm5H0YlnJwsAX', 'price': '70000.00', 'avgPrice': '0.00', 'origQty': '0.003', 'executedQty': '0.000', 'cumQty': '0.000', 'cumQuote': '0.00000', 'timeInForce': 'GTC', 'type': 'LIMIT', 'reduceOnly': False, 'closePosition': False, 'side': 'SELL', 'positionSide': 'BOTH', 'stopPrice': '0.00', 'workingType': 'CONTRACT_PRICE', 'priceProtect': False, 'origType': 'LIMIT', 'priceMatch': 'NONE', 'selfTradePreventionMode': 'EXPIRE_MAKER', 'goodTillDate': 0, 'updateTime': 1770973809967}
2026-02-13 14:40:00 | INFO | Order placed successfully: {'orderId': 12238703862, 'symbol': 'BTCUSDT', 'status': 'NEW', 'clientOrderId': '0mNsDYL4EYm5H0YlnJwsAX', 'price': '70000.00', 'avgPrice': '0.00', 'origQty': '0.003', 'executedQty': '0.000', 'cumQty': '0.000', 'cumQuote': '0.00000', 'timeInForce': 'GTC', 'type': 'LIMIT', 'reduceOnly': False, 'closePosition': False, 'side': 'SELL', 'positionSide': 'BOTH', 'stopPrice': '0.00', 'workingType': 'CONTRACT_PRICE', 'priceProtect': False, 'origType': 'LIMIT', 'priceMatch': 'NONE', 'selfTradePreventionMode': 'EXPIRE_MAKER', 'goodTillDate': 0, 'updateTime': 1770973809967}
2026-02-13 14:40:11 | ERROR | Input validation error: Price is required for LIMIT orders
2026-02-13 14:41:01 | INFO | Order request: symbol=BTCUSDT, side=BUY, type=MARKET, qty=0.002, price=N/A
2026-02-13 14:41:02 | INFO | Placing MARKET order: {'symbol': 'BTCUSDT', 'side': 'BUY', 'type': 'MARKET', 'quantity': 0.002, 'timestamp': 1770973872043, 'recvWindow': 60000}
2026-02-13 14:41:02 | INFO | Order response: {'orderId': 12238724071, 'symbol': 'BTCUSDT', 'status': 'NEW', 'clientOrderId': '5lWGkgXq7QnH1jKd5InYrj', 'price': '0.00', 'avgPrice': '0.00', 'origQty': '0.002', 'executedQty': '0.000', 'cumQty': '0.000', 'cumQuote': '0.00000', 'timeInForce': 'GTC', 'type': 'MARKET', 'reduceOnly': False, 'closePosition': False, 'side': 'BUY', 'positionSide': 'BOTH', 'stopPrice': '0.00', 'workingType': 'CONTRACT_PRICE', 'priceProtect': False, 'origType': 'MARKET', 'priceMatch': 'NONE', 'selfTradePreventionMode': 'EXPIRE_MAKER', 'goodTillDate': 0, 'updateTime': 1770973872499}
2026-02-13 14:41:02 | INFO | Order placed successfully: {'orderId': 12238724071, 'symbol': 'BTCUSDT', 'status': 'NEW', 'clientOrderId': '5lWGkgXq7QnH1jKd5InYrj', 'price': '0.00', 'avgPrice': '0.00', 'origQty': '0.002', 'executedQty': '0.000', 'cumQty': '0.000', 'cumQuote': '0.00000', 'timeInForce': 'GTC', 'type': 'MARKET', 'reduceOnly': False, 'closePosition': False, 'side': 'BUY', 'positionSide': 'BOTH', 'stopPrice': '0.00', 'workingType': 'CONTRACT_PRICE', 'priceProtect': False, 'origType': 'MARKET', 'priceMatch': 'NONE', 'selfTradePreventionMode': 'EXPIRE_MAKER', 'goodTillDate': 0, 'updateTime': 1770973872499}
2026-02-13 14:41:03 | INFO | Order request: symbol=BTCUSDT, side=SELL, type=LIMIT, qty=0.003, price=70000.0
2026-02-13 14:41:04 | INFO | Placing LIMIT order: {'symbol': 'BTCUSDT', 'side': 'SELL', 'type': 'LIMIT', 'timeInForce': 'GTC', 'quantity': 0.003, 'price': 70000.0, 'timestamp': 1770973873897, 'recvWindow': 60000}
2026-02-13 14:41:04 | INFO | Order response: {'orderId': 12238724452, 'symbol': 'BTCUSDT', 'status': 'NEW', 'clientOrderId': 'clVwIxd5ijUmbjddGnrpte', 'price': '70000.00', 'avgPrice': '0.00', 'origQty': '0.003', 'executedQty': '0.000', 'cumQty': '0.000', 'cumQuote': '0.00000', 'timeInForce': 'GTC', 'type': 'LIMIT', 'reduceOnly': False, 'closePosition': False, 'side': 'SELL', 'positionSide': 'BOTH', 'stopPrice': '0.00', 'workingType': 'CONTRACT_PRICE', 'priceProtect': False, 'origType': 'LIMIT', 'priceMatch': 'NONE', 'selfTradePreventionMode': 'EXPIRE_MAKER', 'goodTillDate': 0, 'updateTime': 1770973874422}
2026-02-13 14:41:04 | INFO | Order placed successfully: {'orderId': 12238724452, 'symbol': 'BTCUSDT', 'status': 'NEW', 'clientOrderId': 'clVwIxd5ijUmbjddGnrpte', 'price': '70000.00', 'avgPrice': '0.00', 'origQty': '0.003', 'executedQty': '0.000', 'cumQty': '0.000', 'cumQuote': '0.00000', 'timeInForce': 'GTC', 'type': 'LIMIT', 'reduceOnly': False, 'closePosition': False, 'side': 'SELL', 'positionSide': 'BOTH', 'stopPrice': '0.00', 'workingType': 'CONTRACT_PRICE', 'priceProtect': False, 'origType': 'LIMIT', 'priceMatch': 'NONE', 'selfTradePreventionMode': 'EXPIRE_MAKER', 'goodTillDate': 0, 'updateTime': 1770973874422}
2026-02-13 14:57:44 | ERROR | Input validation error: Price is required for LIMIT orders
2026-02-13 14:59:03 | INFO | Order request: symbol=ETHUSDT, side=BUY, type=MARKET, qty=0.05, price=N/A
2026-02-13 14:59:03 | INFO | Placing MARKET order: {'symbol': 'ETHUSDT', 'side': 'BUY', 'type': 'MARKET', 'quantity': 0.05, 'timestamp': 1770974953523, 'recvWindow': 60000}
2026-02-13 14:59:04 | INFO | Order response: {'orderId': 8306473618, 'symbol': 'ETHUSDT', 'status': 'NEW', 'clientOrderId': 'o5rwz2tu4gkerG6DWEfrNt', 'price': '0.00', 'avgPrice': '0.00', 'origQty': '0.050', 'executedQty': '0.000', 'cumQty': '0.000', 'cumQuote': '0.00000', 'timeInForce': 'GTC', 'type': 'MARKET', 'reduceOnly': False, 'closePosition': False, 'side': 'BUY', 'positionSide': 'BOTH', 'stopPrice': '0.00', 'workingType': 'CONTRACT_PRICE', 'priceProtect': False, 'origType': 'MARKET', 'priceMatch': 'NONE', 'selfTradePreventionMode': 'EXPIRE_MAKER', 'goodTillDate': 0, 'updateTime': 1770974954063}
2026-02-13 14:59:04 | INFO | Order placed successfully: {'orderId': 8306473618, 'symbol': 'ETHUSDT', 'status': 'NEW', 'clientOrderId': 'o5rwz2tu4gkerG6DWEfrNt', 'price': '0.00', 'avgPrice': '0.00', 'origQty': '0.050', 'executedQty': '0.000', 'cumQty': '0.000', 'cumQuote': '0.00000', 'timeInForce': 'GTC', 'type': 'MARKET', 'reduceOnly': False, 'closePosition': False, 'side': 'BUY', 'positionSide': 'BOTH', 'stopPrice': '0.00', 'workingType': 'CONTRACT_PRICE', 'priceProtect': False, 'origType': 'MARKET', 'priceMatch': 'NONE', 'selfTradePreventionMode': 'EXPIRE_MAKER', 'goodTillDate': 0, 'updateTime': 1770974954063}
